Traceback (most recent call last):
  File "/Users/mlyons/Development/Guarrdon/portfolioplanner/backend/venv/lib/python3.11/site-packages/cryptography/fernet.py", line 34, in __init__
    key = base64.urlsafe_b64decode(key)
          ^^^^^^^^^^^^^^^^^^^^^^^^^^^^^
  File "/Users/mlyons/miniconda3/lib/python3.11/base64.py", line 134, in urlsafe_b64decode
    return b64decode(s)
           ^^^^^^^^^^^^
  File "/Users/mlyons/miniconda3/lib/python3.11/base64.py", line 88, in b64decode
    return binascii.a2b_base64(s, strict_mode=validate)
           ^^^^^^^^^^^^^^^^^^^^^^^^^^^^^^^^^^^^^^^^^^^^
binascii.Error: Invalid base64-encoded string: number of data characters (25) cannot be 1 more than a multiple of 4

The above exception was the direct cause of the following exception:

Traceback (most recent call last):
  File "/Users/mlyons/Development/Guarrdon/portfolioplanner/backend/venv/bin/uvicorn", line 8, in <module>
    sys.exit(main())
             ^^^^^^
  File "/Users/mlyons/Development/Guarrdon/portfolioplanner/backend/venv/lib/python3.11/site-packages/click/core.py", line 1462, in __call__
    return self.main(*args, **kwargs)
           ^^^^^^^^^^^^^^^^^^^^^^^^^^
  File "/Users/mlyons/Development/Guarrdon/portfolioplanner/backend/venv/lib/python3.11/site-packages/click/core.py", line 1383, in main
    rv = self.invoke(ctx)
         ^^^^^^^^^^^^^^^^
  File "/Users/mlyons/Development/Guarrdon/portfolioplanner/backend/venv/lib/python3.11/site-packages/click/core.py", line 1246, in invoke
    return ctx.invoke(self.callback, **ctx.params)
           ^^^^^^^^^^^^^^^^^^^^^^^^^^^^^^^^^^^^^^^
  File "/Users/mlyons/Development/Guarrdon/portfolioplanner/backend/venv/lib/python3.11/site-packages/click/core.py", line 814, in invoke
    return callback(*args, **kwargs)
           ^^^^^^^^^^^^^^^^^^^^^^^^^
  File "/Users/mlyons/Development/Guarrdon/portfolioplanner/backend/venv/lib/python3.11/site-packages/uvicorn/main.py", line 418, in main
    run(
  File "/Users/mlyons/Development/Guarrdon/portfolioplanner/backend/venv/lib/python3.11/site-packages/uvicorn/main.py", line 587, in run
    server.run()
  File "/Users/mlyons/Development/Guarrdon/portfolioplanner/backend/venv/lib/python3.11/site-packages/uvicorn/server.py", line 62, in run
    return asyncio.run(self.serve(sockets=sockets))
           ^^^^^^^^^^^^^^^^^^^^^^^^^^^^^^^^^^^^^^^^
  File "/Users/mlyons/miniconda3/lib/python3.11/asyncio/runners.py", line 190, in run
    return runner.run(main)
           ^^^^^^^^^^^^^^^^
  File "/Users/mlyons/miniconda3/lib/python3.11/asyncio/runners.py", line 118, in run
    return self._loop.run_until_complete(task)
           ^^^^^^^^^^^^^^^^^^^^^^^^^^^^^^^^^^^
  File "uvloop/loop.pyx", line 1518, in uvloop.loop.Loop.run_until_complete
  File "/Users/mlyons/Development/Guarrdon/portfolioplanner/backend/venv/lib/python3.11/site-packages/uvicorn/server.py", line 69, in serve
    config.load()
  File "/Users/mlyons/Development/Guarrdon/portfolioplanner/backend/venv/lib/python3.11/site-packages/uvicorn/config.py", line 458, in load
    self.loaded_app = import_from_string(self.app)
                      ^^^^^^^^^^^^^^^^^^^^^^^^^^^^
  File "/Users/mlyons/Development/Guarrdon/portfolioplanner/backend/venv/lib/python3.11/site-packages/uvicorn/importer.py", line 21, in import_from_string
    module = importlib.import_module(module_str)
             ^^^^^^^^^^^^^^^^^^^^^^^^^^^^^^^^^^^
  File "/Users/mlyons/miniconda3/lib/python3.11/importlib/__init__.py", line 126, in import_module
    return _bootstrap._gcd_import(name[level:], package, level)
           ^^^^^^^^^^^^^^^^^^^^^^^^^^^^^^^^^^^^^^^^^^^^^^^^^^^^
  File "<frozen importlib._bootstrap>", line 1204, in _gcd_import
  File "<frozen importlib._bootstrap>", line 1176, in _find_and_load
  File "<frozen importlib._bootstrap>", line 1147, in _find_and_load_unlocked
  File "<frozen importlib._bootstrap>", line 690, in _load_unlocked
  File "<frozen importlib._bootstrap_external>", line 940, in exec_module
  File "<frozen importlib._bootstrap>", line 241, in _call_with_frames_removed
  File "/Users/mlyons/Development/Guarrdon/portfolioplanner/backend/app/main.py", line 10, in <module>
    from app.api.v1 import positions, auth, websocket
  File "/Users/mlyons/Development/Guarrdon/portfolioplanner/backend/app/api/v1/positions.py", line 8, in <module>
    from app.core.security import get_current_active_user
  File "/Users/mlyons/Development/Guarrdon/portfolioplanner/backend/app/core/security.py", line 23, in <module>
    cipher_suite = Fernet(settings.ENCRYPTION_KEY.encode())
                   ^^^^^^^^^^^^^^^^^^^^^^^^^^^^^^^^^^^^^^^^
  File "/Users/mlyons/Development/Guarrdon/portfolioplanner/backend/venv/lib/python3.11/site-packages/cryptography/fernet.py", line 36, in __init__
    raise ValueError(
ValueError: Fernet key must be 32 url-safe base64-encoded bytes.
